<?xml version="1.0" encoding="UTF-8"?>
<!-- Generated by org.testng.reporters.JUnitReportReporter -->
<testsuite hostname="DESKTOP-BR3APVB" failures="0" tests="1" name="testcases.AdminTestCases" time="52.041" errors="0" timestamp="2023-11-29T08:36:37 IST" skipped="0">
  <testcase classname="testcases.AdminTestCases" name="addUser" time="52.041"/>
  <system-out/>
</testsuite> <!-- testcases.AdminTestCases -->
