<?xml version="1.0" encoding="UTF-8"?>
<!-- Generated by org.testng.reporters.JUnitReportReporter -->
<testsuite hostname="DESKTOP-BR3APVB" failures="0" tests="1" name="testcases.AdminTestCases" time="28.070" errors="0" timestamp="2023-11-28T09:06:28 IST" skipped="0">
  <testcase classname="testcases.AdminTestCases" name="addUser" time="28.070"/>
  <system-out/>
</testsuite> <!-- testcases.AdminTestCases -->
